<?xml version="1.0" encoding="UTF-8"?>
<!-- Generated by org.testng.reporters.JUnitXMLReporter -->
<testsuite hostname="nkp-PC" ignored="0" name="Grid Firefox Test for Apple Application" tests="3" failures="0" timestamp="19 Feb 2018 20:24:04 GMT" time="59.426" errors="0">
  <testcase name="LoginTest" time="22.096" classname="com.apple.testcases.LoginTestScenario"/>
  <testcase name="LoginTest" time="18.388" classname="com.apple.testcases.LoginTestScenario"/>
  <testcase name="LoginTest" time="17.816" classname="com.apple.testcases.LoginTestScenario"/>
</testsuite> <!-- Grid Firefox Test for Apple Application -->
